<?xml version="1.0" encoding="UTF-8"?>
<!-- Generated by org.testng.reporters.JUnitReportReporter -->
<testsuite hostname="DESKTOP-41VTHPF" failures="0" tests="1" name="apiChaining.EndToEndTest" time="5.332" errors="0" timestamp="07 Jun 2022 02:06:23 GMT" skipped="0">
  <testcase classname="apiChaining.EndToEndTest" name="test1" time="5.332"/>
</testsuite> <!-- apiChaining.EndToEndTest -->
