<?xml version="1.0" encoding="UTF-8"?>
<!-- Generated by org.testng.reporters.JUnitReportReporter -->
<testsuite hostname="DESKTOP-41VTHPF" failures="0" tests="1" name="apiChaining.EndToEndTest" time="4.223" errors="0" timestamp="05 Jun 2022 07:10:26 GMT" skipped="0">
  <testcase classname="apiChaining.EndToEndTest" name="test1" time="4.223"/>
</testsuite> <!-- apiChaining.EndToEndTest -->
